<?xml version="1.0" encoding="UTF-8"?>
<!-- Generated by org.testng.reporters.JUnitReportReporter -->
<testsuite skipped="0" hostname="WIN-K5I9T8F605J" name="FaceBook.Maven_Project.FaceBookSignIn" tests="1" failures="0" timestamp="2020-06-14T00:13:55 EDT" time="21.020" errors="0">
  <testcase name="signInTest" time="21.020" classname="FaceBook.Maven_Project.FaceBookSignIn"/>
  <system-out/>
</testsuite> <!-- FaceBook.Maven_Project.FaceBookSignIn -->
